2022-01-28 14:41:42,818 INFO: errors [in C:\Users\Anthony\PycharmProjects\vader_app\app\routes.py:231]
2022-01-28 14:47:22,490 INFO: errors [in C:\Users\Anthony\PycharmProjects\vader_app\app\routes.py:231]
2022-01-28 14:48:36,674 INFO: errors [in C:\Users\Anthony\PycharmProjects\vader_app\app\routes.py:231]
2022-01-28 14:55:43,979 INFO: errors [in C:\Users\Anthony\PycharmProjects\vader_app\app\routes.py:227]
2022-01-28 14:57:41,084 INFO: errors [in C:\Users\Anthony\PycharmProjects\vader_app\app\routes.py:227]
2022-01-28 15:05:44,270 INFO: errors [in C:\Users\Anthony\PycharmProjects\vader_app\app\routes.py:227]
2022-01-28 15:11:21,528 INFO: errors [in C:\Users\Anthony\PycharmProjects\vader_app\app\routes.py:227]
2022-01-28 15:11:50,303 INFO: errors [in C:\Users\Anthony\PycharmProjects\vader_app\app\routes.py:227]
2022-01-28 15:12:04,262 INFO: errors [in C:\Users\Anthony\PycharmProjects\vader_app\app\routes.py:227]
2022-01-28 15:12:56,362 INFO: errors [in C:\Users\Anthony\PycharmProjects\vader_app\app\routes.py:227]
2022-01-28 15:14:37,686 INFO: errors [in C:\Users\Anthony\PycharmProjects\vader_app\app\routes.py:227]
2022-01-28 16:47:58,728 INFO: errors [in C:\Users\Anthony\PycharmProjects\vader_app\app\routes.py:227]
2022-01-28 16:54:58,408 INFO: errors [in C:\Users\Anthony\PycharmProjects\vader_app\app\routes.py:227]
2022-01-28 17:09:11,352 INFO: errors [in C:\Users\Anthony\PycharmProjects\vader_app\app\routes.py:209]
2022-01-28 20:22:28,860 INFO: errors [in C:\Users\Anthony\PycharmProjects\vader_app\app\routes.py:208]
2022-01-28 20:24:25,048 INFO: errors [in C:\Users\Anthony\PycharmProjects\vader_app\app\routes.py:208]
2022-01-28 20:40:12,742 INFO: errors [in C:\Users\Anthony\PycharmProjects\vader_app\app\routes.py:207]
2022-01-28 22:54:32,045 INFO: errors [in C:\Users\Anthony\PycharmProjects\vader_app\app\routes.py:208]
2022-01-28 23:00:44,110 INFO: errors [in C:\Users\Anthony\PycharmProjects\vader_app\app\routes.py:209]
2022-01-28 23:10:38,125 INFO: errors [in C:\Users\Anthony\PycharmProjects\vader_app\app\routes.py:212]
2022-01-28 23:16:29,353 INFO: errors [in C:\Users\Anthony\PycharmProjects\vader_app\app\routes.py:212]
2022-01-28 23:19:38,634 INFO: errors [in C:\Users\Anthony\PycharmProjects\vader_app\app\routes.py:212]
2022-01-28 23:24:11,491 INFO: errors [in C:\Users\Anthony\PycharmProjects\vader_app\app\routes.py:212]
2022-01-28 23:27:36,098 INFO: errors [in C:\Users\Anthony\PycharmProjects\vader_app\app\routes.py:213]
2022-01-28 23:28:45,324 INFO: errors [in C:\Users\Anthony\PycharmProjects\vader_app\app\routes.py:213]
2022-01-28 23:44:35,451 INFO: errors [in C:\Users\Anthony\PycharmProjects\vader_app\app\routes.py:216]
2022-01-28 23:49:58,700 INFO: errors [in C:\Users\Anthony\PycharmProjects\vader_app\app\routes.py:218]
2022-01-28 23:52:23,648 INFO: errors [in C:\Users\Anthony\PycharmProjects\vader_app\app\routes.py:219]
2022-01-29 00:12:10,543 INFO: errors [in C:\Users\Anthony\PycharmProjects\vader_app\app\routes.py:219]
2022-01-29 00:13:44,271 INFO: errors [in C:\Users\Anthony\PycharmProjects\vader_app\app\routes.py:219]
2022-01-29 16:17:49,992 INFO: errors [in C:\Users\Anthony\PycharmProjects\vader_app\app\routes.py:227]
2022-01-29 16:22:54,241 INFO: errors [in C:\Users\Anthony\PycharmProjects\vader_app\app\routes.py:227]
2022-01-29 16:28:49,271 INFO: errors [in C:\Users\Anthony\PycharmProjects\vader_app\app\routes.py:227]
2022-01-29 16:33:11,497 INFO: errors [in C:\Users\Anthony\PycharmProjects\vader_app\app\routes.py:229]
2022-01-29 16:34:15,974 INFO: errors [in C:\Users\Anthony\PycharmProjects\vader_app\app\routes.py:229]
2022-01-29 16:35:18,230 INFO: errors [in C:\Users\Anthony\PycharmProjects\vader_app\app\routes.py:229]
2022-01-29 16:38:59,391 INFO: errors [in C:\Users\Anthony\PycharmProjects\vader_app\app\routes.py:229]
2022-01-29 16:40:33,820 INFO: errors [in C:\Users\Anthony\PycharmProjects\vader_app\app\routes.py:229]
2022-01-29 16:41:11,424 INFO: errors [in C:\Users\Anthony\PycharmProjects\vader_app\app\routes.py:229]
2022-01-29 16:44:03,423 INFO: errors [in C:\Users\Anthony\PycharmProjects\vader_app\app\routes.py:227]
2022-01-29 16:45:25,206 INFO: errors [in C:\Users\Anthony\PycharmProjects\vader_app\app\routes.py:227]
2022-01-29 16:47:46,041 INFO: errors [in C:\Users\Anthony\PycharmProjects\vader_app\app\routes.py:228]
2022-01-29 16:48:46,261 INFO: errors [in C:\Users\Anthony\PycharmProjects\vader_app\app\routes.py:227]
2022-01-29 16:57:32,088 INFO: errors [in C:\Users\Anthony\PycharmProjects\vader_app\app\routes.py:227]
2022-01-29 16:59:03,848 INFO: errors [in C:\Users\Anthony\PycharmProjects\vader_app\app\routes.py:227]
2022-01-29 16:59:47,819 INFO: errors [in C:\Users\Anthony\PycharmProjects\vader_app\app\routes.py:227]
2022-01-29 17:01:00,114 INFO: errors [in C:\Users\Anthony\PycharmProjects\vader_app\app\routes.py:227]
2022-01-29 17:03:30,295 INFO: errors [in C:\Users\Anthony\PycharmProjects\vader_app\app\routes.py:227]
2022-01-29 17:05:54,789 INFO: errors [in C:\Users\Anthony\PycharmProjects\vader_app\app\routes.py:227]
2022-01-29 17:31:44,737 INFO: errors [in C:\Users\Anthony\PycharmProjects\vader_app\app\routes.py:227]
2022-01-29 17:33:10,770 INFO: errors [in C:\Users\Anthony\PycharmProjects\vader_app\app\routes.py:227]
2022-01-29 17:35:37,317 INFO: errors [in C:\Users\Anthony\PycharmProjects\vader_app\app\routes.py:227]
2022-01-29 18:00:40,485 INFO: errors [in C:\Users\Anthony\PycharmProjects\vader_app\app\routes.py:229]
2022-01-29 18:10:28,116 INFO: errors [in C:\Users\Anthony\PycharmProjects\vader_app\app\routes.py:230]
2022-01-29 18:41:02,762 INFO: errors [in C:\Users\Anthony\PycharmProjects\vader_app\app\routes.py:234]
2022-01-29 18:44:09,896 INFO: errors [in C:\Users\Anthony\PycharmProjects\vader_app\app\routes.py:234]
2022-01-29 18:47:56,263 INFO: errors [in C:\Users\Anthony\PycharmProjects\vader_app\app\routes.py:236]
2022-01-29 18:48:45,175 INFO: errors [in C:\Users\Anthony\PycharmProjects\vader_app\app\routes.py:236]
2022-01-29 18:52:05,020 INFO: errors [in C:\Users\Anthony\PycharmProjects\vader_app\app\routes.py:236]
2022-01-29 18:55:39,767 INFO: errors [in C:\Users\Anthony\PycharmProjects\vader_app\app\routes.py:235]
2022-01-29 19:08:43,922 INFO: errors [in C:\Users\Anthony\PycharmProjects\vader_app\app\routes.py:235]
2022-01-29 19:11:07,559 INFO: errors [in C:\Users\Anthony\PycharmProjects\vader_app\app\routes.py:235]
2022-01-29 19:26:54,954 INFO: errors [in C:\Users\Anthony\PycharmProjects\vader_app\app\routes.py:235]
2022-01-29 19:28:56,074 INFO: errors [in C:\Users\Anthony\PycharmProjects\vader_app\app\routes.py:235]
2022-01-29 19:30:12,433 INFO: errors [in C:\Users\Anthony\PycharmProjects\vader_app\app\routes.py:235]
2022-01-29 19:34:01,346 INFO: errors [in C:\Users\Anthony\PycharmProjects\vader_app\app\routes.py:234]
2022-01-29 19:35:36,740 INFO: errors [in C:\Users\Anthony\PycharmProjects\vader_app\app\routes.py:235]
2022-01-29 19:37:24,487 INFO: errors [in C:\Users\Anthony\PycharmProjects\vader_app\app\routes.py:235]
2022-01-29 19:39:54,048 INFO: errors [in C:\Users\Anthony\PycharmProjects\vader_app\app\routes.py:235]
2022-01-29 19:41:12,499 INFO: errors [in C:\Users\Anthony\PycharmProjects\vader_app\app\routes.py:235]
2022-01-29 19:42:55,900 INFO: errors [in C:\Users\Anthony\PycharmProjects\vader_app\app\routes.py:235]
2022-01-29 19:44:18,847 INFO: errors [in C:\Users\Anthony\PycharmProjects\vader_app\app\routes.py:235]
2022-01-29 19:45:05,954 INFO: errors [in C:\Users\Anthony\PycharmProjects\vader_app\app\routes.py:235]
2022-01-29 19:46:20,126 INFO: errors [in C:\Users\Anthony\PycharmProjects\vader_app\app\routes.py:235]
2022-01-29 19:47:10,593 INFO: errors [in C:\Users\Anthony\PycharmProjects\vader_app\app\routes.py:235]
2022-01-29 19:48:06,193 INFO: errors [in C:\Users\Anthony\PycharmProjects\vader_app\app\routes.py:235]
2022-01-29 19:48:39,496 INFO: errors [in C:\Users\Anthony\PycharmProjects\vader_app\app\routes.py:235]
2022-01-29 19:49:19,875 INFO: errors [in C:\Users\Anthony\PycharmProjects\vader_app\app\routes.py:235]
2022-01-29 19:50:45,773 INFO: errors [in C:\Users\Anthony\PycharmProjects\vader_app\app\routes.py:235]
2022-01-29 19:51:47,413 INFO: errors [in C:\Users\Anthony\PycharmProjects\vader_app\app\routes.py:235]
2022-01-29 19:52:40,269 INFO: errors [in C:\Users\Anthony\PycharmProjects\vader_app\app\routes.py:235]
2022-01-29 19:53:46,612 INFO: errors [in C:\Users\Anthony\PycharmProjects\vader_app\app\routes.py:235]
2022-01-29 20:01:55,896 INFO: errors [in C:\Users\Anthony\PycharmProjects\vader_app\app\routes.py:229]
2022-01-29 20:03:47,867 INFO: errors [in C:\Users\Anthony\PycharmProjects\vader_app\app\routes.py:229]
2022-01-29 20:05:52,290 INFO: errors [in C:\Users\Anthony\PycharmProjects\vader_app\app\routes.py:229]
2022-01-29 20:11:23,507 INFO: errors [in C:\Users\Anthony\PycharmProjects\vader_app\app\routes.py:237]
2022-01-29 20:12:51,295 INFO: errors [in C:\Users\Anthony\PycharmProjects\vader_app\app\routes.py:237]
2022-01-29 20:15:03,849 INFO: errors [in C:\Users\Anthony\PycharmProjects\vader_app\app\routes.py:235]
2022-01-29 20:15:42,504 INFO: errors [in C:\Users\Anthony\PycharmProjects\vader_app\app\routes.py:235]
2022-01-29 20:16:15,581 INFO: errors [in C:\Users\Anthony\PycharmProjects\vader_app\app\routes.py:235]
2022-01-29 20:17:07,556 INFO: errors [in C:\Users\Anthony\PycharmProjects\vader_app\app\routes.py:235]
2022-01-29 20:17:52,319 INFO: errors [in C:\Users\Anthony\PycharmProjects\vader_app\app\routes.py:235]
2022-01-29 20:19:03,463 INFO: errors [in C:\Users\Anthony\PycharmProjects\vader_app\app\routes.py:235]
2022-01-29 20:19:54,727 INFO: errors [in C:\Users\Anthony\PycharmProjects\vader_app\app\routes.py:234]
2022-01-29 20:22:30,259 INFO: errors [in C:\Users\Anthony\PycharmProjects\vader_app\app\routes.py:234]
2022-01-29 20:23:50,758 INFO: errors [in C:\Users\Anthony\PycharmProjects\vader_app\app\routes.py:234]
2022-01-29 20:24:51,168 INFO: errors [in C:\Users\Anthony\PycharmProjects\vader_app\app\routes.py:234]
2022-01-29 20:28:10,789 INFO: errors [in C:\Users\Anthony\PycharmProjects\vader_app\app\routes.py:234]
2022-01-29 20:28:53,650 INFO: errors [in C:\Users\Anthony\PycharmProjects\vader_app\app\routes.py:234]
2022-01-29 20:30:22,997 INFO: errors [in C:\Users\Anthony\PycharmProjects\vader_app\app\routes.py:234]
2022-01-29 20:38:17,891 INFO: errors [in C:\Users\Anthony\PycharmProjects\vader_app\app\routes.py:234]
2022-01-29 20:49:12,825 INFO: errors [in C:\Users\Anthony\PycharmProjects\vader_app\app\routes.py:228]
2022-01-29 20:53:09,939 INFO: errors [in C:\Users\Anthony\PycharmProjects\vader_app\app\routes.py:230]
2022-01-29 20:54:32,649 INFO: errors [in C:\Users\Anthony\PycharmProjects\vader_app\app\routes.py:230]
2022-01-29 23:33:24,019 INFO: errors [in C:\Users\Anthony\PycharmProjects\vader_app\app\routes.py:239]
2022-01-30 13:46:28,742 INFO: errors [in C:\Users\Anthony\PycharmProjects\vader_app\app\routes.py:241]
2022-01-30 14:05:12,771 INFO: errors [in C:\Users\Anthony\PycharmProjects\vader_app\app\routes.py:248]
2022-01-30 14:22:21,545 INFO: errors [in C:\Users\Anthony\PycharmProjects\vader_app\app\routes.py:248]
2022-01-30 14:27:28,146 INFO: errors [in C:\Users\Anthony\PycharmProjects\vader_app\app\routes.py:248]
2022-01-30 14:33:32,359 INFO: errors [in C:\Users\Anthony\PycharmProjects\vader_app\app\routes.py:250]
2022-01-30 14:54:22,531 INFO: errors [in C:\Users\Anthony\PycharmProjects\vader_app\app\routes.py:250]
2022-01-30 18:53:49,396 INFO: errors [in C:\Users\Anthony\PycharmProjects\vader_app\app\routes.py:250]
2022-01-30 18:56:55,732 INFO: errors [in C:\Users\Anthony\PycharmProjects\vader_app\app\routes.py:250]
2022-01-30 18:59:57,816 INFO: errors [in C:\Users\Anthony\PycharmProjects\vader_app\app\routes.py:250]
2022-01-30 19:04:46,517 INFO: errors [in C:\Users\Anthony\PycharmProjects\vader_app\app\routes.py:250]
2022-01-30 19:20:35,975 INFO: errors [in C:\Users\Anthony\PycharmProjects\vader_app\app\routes.py:250]
2022-01-30 19:23:59,734 INFO: errors [in C:\Users\Anthony\PycharmProjects\vader_app\app\routes.py:251]
2022-01-30 19:30:33,461 INFO: errors [in C:\Users\Anthony\PycharmProjects\vader_app\app\routes.py:251]
2022-01-30 19:32:45,287 INFO: errors [in C:\Users\Anthony\PycharmProjects\vader_app\app\routes.py:251]
2022-01-30 19:35:21,685 INFO: errors [in C:\Users\Anthony\PycharmProjects\vader_app\app\routes.py:251]
2022-01-30 19:39:50,635 INFO: errors [in C:\Users\Anthony\PycharmProjects\vader_app\app\routes.py:251]
2022-01-30 19:43:02,981 INFO: errors [in C:\Users\Anthony\PycharmProjects\vader_app\app\routes.py:251]
2022-01-30 19:46:06,370 INFO: errors [in C:\Users\Anthony\PycharmProjects\vader_app\app\routes.py:251]
2022-01-30 20:54:03,128 INFO: errors [in C:\Users\Anthony\PycharmProjects\vader_app\app\routes.py:255]
2022-01-30 21:07:00,353 INFO: errors [in C:\Users\Anthony\PycharmProjects\vader_app\app\routes.py:255]
2022-01-30 21:10:02,710 INFO: errors [in C:\Users\Anthony\PycharmProjects\vader_app\app\routes.py:255]
2022-01-30 21:13:00,305 INFO: errors [in C:\Users\Anthony\PycharmProjects\vader_app\app\routes.py:256]
2022-01-30 21:14:03,883 INFO: errors [in C:\Users\Anthony\PycharmProjects\vader_app\app\routes.py:256]
2022-01-30 21:22:41,381 INFO: errors [in C:\Users\Anthony\PycharmProjects\vader_app\app\routes.py:256]
2022-01-30 21:36:18,645 INFO: errors [in C:\Users\Anthony\PycharmProjects\vader_app\app\routes.py:256]
2022-01-30 21:38:50,977 INFO: errors [in C:\Users\Anthony\PycharmProjects\vader_app\app\routes.py:256]
2022-01-30 21:39:45,228 INFO: errors [in C:\Users\Anthony\PycharmProjects\vader_app\app\routes.py:256]
2022-01-30 21:42:46,437 INFO: errors [in C:\Users\Anthony\PycharmProjects\vader_app\app\routes.py:256]
2022-01-30 21:45:16,797 INFO: errors [in C:\Users\Anthony\PycharmProjects\vader_app\app\routes.py:256]
2022-01-30 21:47:09,505 INFO: errors [in C:\Users\Anthony\PycharmProjects\vader_app\app\routes.py:256]
2022-01-30 21:49:20,432 INFO: errors [in C:\Users\Anthony\PycharmProjects\vader_app\app\routes.py:256]
2022-01-30 21:54:53,230 INFO: errors [in C:\Users\Anthony\PycharmProjects\vader_app\app\routes.py:256]
2022-01-30 21:58:40,314 INFO: errors [in C:\Users\Anthony\PycharmProjects\vader_app\app\routes.py:256]
2022-01-30 22:00:42,806 INFO: errors [in C:\Users\Anthony\PycharmProjects\vader_app\app\routes.py:256]
2022-01-30 23:10:44,431 INFO: errors [in C:\Users\Anthony\PycharmProjects\vader_app\app\routes.py:256]
2022-01-30 23:18:48,417 INFO: errors [in C:\Users\Anthony\PycharmProjects\vader_app\app\routes.py:255]
2022-01-31 00:16:24,152 INFO: errors [in C:\Users\Anthony\PycharmProjects\cognitivpyshop_webapp\app\routes.py:255]
2022-01-31 00:20:22,556 INFO: errors [in C:\Users\Anthony\PycharmProjects\cognitivpyshop_webapp\app\routes.py:255]
2022-01-31 00:39:15,729 INFO: errors [in C:\Users\Anthony\PycharmProjects\cognitivpyshop_webapp\app\routes.py:255]
2022-01-31 02:35:46,155 INFO: errors [in C:\Users\Anthony\PycharmProjects\cognitivpyshop_webapp\app\routes.py:255]
2022-01-31 02:41:38,679 INFO: errors [in C:\Users\Anthony\PycharmProjects\cognitivpyshop_webapp\app\routes.py:255]
2022-01-31 02:45:51,647 INFO: errors [in C:\Users\Anthony\PycharmProjects\cognitivpyshop_webapp\app\routes.py:255]
2022-01-31 02:52:34,478 INFO: errors [in C:\Users\Anthony\PycharmProjects\cognitivpyshop_webapp\app\routes.py:253]
2022-01-31 02:55:01,380 INFO: errors [in C:\Users\Anthony\PycharmProjects\cognitivpyshop_webapp\app\routes.py:253]
2022-01-31 02:58:11,092 INFO: errors [in C:\Users\Anthony\PycharmProjects\cognitivpyshop_webapp\app\routes.py:253]
2022-01-31 02:59:42,627 INFO: errors [in C:\Users\Anthony\PycharmProjects\cognitivpyshop_webapp\app\routes.py:253]
2022-01-31 12:25:54,032 INFO: errors [in C:\Users\Anthony\PycharmProjects\cognitivpyshop_webapp\app\routes.py:253]
2022-01-31 12:28:13,940 INFO: errors [in C:\Users\Anthony\PycharmProjects\cognitivpyshop_webapp\app\routes.py:253]
2022-01-31 12:44:36,291 INFO: errors [in C:\Users\Anthony\PycharmProjects\cognitivpyshop_webapp\app\routes.py:257]
2022-01-31 12:53:45,508 INFO: errors [in C:\Users\Anthony\PycharmProjects\cognitivpyshop_webapp\app\routes.py:257]
2022-01-31 13:08:08,235 INFO: errors [in C:\Users\Anthony\PycharmProjects\cognitivpyshop_webapp\app\routes.py:257]
2022-01-31 13:10:47,936 INFO: errors [in C:\Users\Anthony\PycharmProjects\cognitivpyshop_webapp\app\routes.py:257]
2022-01-31 13:13:44,915 INFO: errors [in C:\Users\Anthony\PycharmProjects\cognitivpyshop_webapp\app\routes.py:262]
2022-01-31 13:14:54,710 INFO: errors [in C:\Users\Anthony\PycharmProjects\cognitivpyshop_webapp\app\routes.py:262]
2022-01-31 13:15:12,335 ERROR: Exception on /drop [GET] [in C:\Users\Anthony\PycharmProjects\cognitivpyshop_webapp\venv\lib\site-packages\flask\app.py:1457]
Traceback (most recent call last):
  File "C:\Users\Anthony\PycharmProjects\cognitivpyshop_webapp\venv\lib\site-packages\flask\app.py", line 2073, in wsgi_app
    response = self.full_dispatch_request()
  File "C:\Users\Anthony\PycharmProjects\cognitivpyshop_webapp\venv\lib\site-packages\flask\app.py", line 1518, in full_dispatch_request
    rv = self.handle_user_exception(e)
  File "C:\Users\Anthony\PycharmProjects\cognitivpyshop_webapp\venv\lib\site-packages\flask\app.py", line 1516, in full_dispatch_request
    rv = self.dispatch_request()
  File "C:\Users\Anthony\PycharmProjects\cognitivpyshop_webapp\venv\lib\site-packages\flask\app.py", line 1502, in dispatch_request
    return self.ensure_sync(self.view_functions[rule.endpoint])(**req.view_args)
  File "C:\Users\Anthony\PycharmProjects\cognitivpyshop_webapp\app\routes.py", line 120, in drop
    return render_template('model/dropzone.html')
  File "C:\Users\Anthony\PycharmProjects\cognitivpyshop_webapp\venv\lib\site-packages\flask\templating.py", line 148, in render_template
    ctx.app.jinja_env.get_or_select_template(template_name_or_list),
  File "C:\Users\Anthony\PycharmProjects\cognitivpyshop_webapp\venv\lib\site-packages\jinja2\environment.py", line 1068, in get_or_select_template
    return self.get_template(template_name_or_list, parent, globals)
  File "C:\Users\Anthony\PycharmProjects\cognitivpyshop_webapp\venv\lib\site-packages\jinja2\environment.py", line 997, in get_template
    return self._load_template(name, globals)
  File "C:\Users\Anthony\PycharmProjects\cognitivpyshop_webapp\venv\lib\site-packages\jinja2\environment.py", line 958, in _load_template
    template = self.loader.load(self, name, self.make_globals(globals))
  File "C:\Users\Anthony\PycharmProjects\cognitivpyshop_webapp\venv\lib\site-packages\jinja2\loaders.py", line 125, in load
    source, filename, uptodate = self.get_source(environment, name)
  File "C:\Users\Anthony\PycharmProjects\cognitivpyshop_webapp\venv\lib\site-packages\flask\templating.py", line 59, in get_source
    return self._get_source_fast(environment, template)
  File "C:\Users\Anthony\PycharmProjects\cognitivpyshop_webapp\venv\lib\site-packages\flask\templating.py", line 95, in _get_source_fast
    raise TemplateNotFound(template)
jinja2.exceptions.TemplateNotFound: model/dropzone.html
2022-01-31 13:20:04,352 INFO: errors [in C:\Users\Anthony\PycharmProjects\cognitivpyshop_webapp\app\routes.py:257]
